<?xml version="1.0" encoding="UTF-8"?>
<testng-results ignored="0" total="1" passed="1" failed="0" skipped="0">
  <reporter-output>
  </reporter-output>
  <suite started-at="2026-04-15T15:17:57 IST" name="Default suite" finished-at="2026-04-15T15:18:09 IST" duration-ms="11719">
    <groups>
    </groups>
    <test started-at="2026-04-15T15:17:57 IST" name="Default test" finished-at="2026-04-15T15:18:09 IST" duration-ms="11719">
      <class name="internpro.internpro.ValidateLogin">
        <test-method signature="validLoginTest()[pri:0, instance:internpro.internpro.ValidateLogin@6d4d66d2]" started-at="2026-04-15T15:17:57 IST" name="validLoginTest" finished-at="2026-04-15T15:18:09 IST" duration-ms="11630" status="PASS">
          <reporter-output>
          </reporter-output>
        </test-method> <!-- validLoginTest -->
      </class> <!-- internpro.internpro.ValidateLogin -->
    </test> <!-- Default test -->
  </suite> <!-- Default suite -->
</testng-results>
