<?xml version="1.0" encoding="UTF-8"?>
<!-- Generated by org.testng.reporters.JUnitXMLReporter -->
<testsuite ignored="4" hostname="LTPBAN292670522" failures="0" tests="10" name="pom+testng" time="36.77" errors="0" timestamp="2026-04-20T12:56:36 IST">
  <testcase classname="test.RegisterTest" name="test1" time="3.942"/>
  <testcase classname="test.InvalidLogin" name="testInvalidLogin" time="1.259"/>
  <testcase classname="test.InvalidLogin" name="testInvalidLogin" time="1.225"/>
  <testcase classname="test.InvalidLogin" name="testInvalidLogin" time="1.173"/>
  <testcase classname="test.InvalidLogin" name="testInvalidLogin" time="0.788"/>
  <testcase classname="test.InvalidLogin" name="testInvalidLogin" time="1.765"/>
  <testcase classname="test.InvalidLogin" name="testInvalidLogin" time="0.774"/>
  <testcase classname="test.LoginTest" name="validLoginTest" time="2.553"/>
  <testcase classname="test.ProductSearchTest" name="searchProductTest" time="1.567"/>
  <testcase classname="test.AddToCartTest" name="addTest" time="12.419"/>
  <testcase classname="utils.DriverManager" name="@AfterSuite tearDown" time="0.0">
    <ignored/>
  </testcase> <!-- @AfterSuite tearDown -->
  <testcase classname="utils.DriverManager" name="@AfterSuite tearDown" time="0.0">
    <ignored/>
  </testcase> <!-- @AfterSuite tearDown -->
  <testcase classname="utils.DriverManager" name="@AfterSuite tearDown" time="0.0">
    <ignored/>
  </testcase> <!-- @AfterSuite tearDown -->
  <testcase classname="utils.DriverManager" name="@AfterSuite tearDown" time="0.0">
    <ignored/>
  </testcase> <!-- @AfterSuite tearDown -->
</testsuite> <!-- pom+testng -->
