<?xml version="1.0" encoding="UTF-8"?>
<testng-results ignored="0" total="1" passed="1" failed="0" skipped="0">
  <reporter-output>
  </reporter-output>
  <suite started-at="2026-04-13T11:18:11 IST" name="Default suite" finished-at="2026-04-13T11:18:19 IST" duration-ms="7832">
    <groups>
    </groups>
    <test started-at="2026-04-13T11:18:11 IST" name="Default test" finished-at="2026-04-13T11:18:19 IST" duration-ms="7832">
      <class name="demo.demo.TestGoogle">
        <test-method signature="openGoogle()[pri:0, instance:demo.demo.TestGoogle@1e0b4072]" started-at="2026-04-13T11:18:11 IST" name="openGoogle" finished-at="2026-04-13T11:18:19 IST" duration-ms="7783" status="PASS">
          <reporter-output>
          </reporter-output>
        </test-method> <!-- openGoogle -->
      </class> <!-- demo.demo.TestGoogle -->
    </test> <!-- Default test -->
  </suite> <!-- Default suite -->
</testng-results>
