<?xml version="1.0" encoding="UTF-8"?>
<testng-results ignored="0" total="10" passed="10" failed="0" skipped="0">
  <reporter-output>
  </reporter-output>
  <suite started-at="2026-04-17T12:51:30 IST" name="combined test" finished-at="2026-04-17T12:52:32 IST" duration-ms="62282">
    <groups>
    </groups>
    <test started-at="2026-04-17T12:51:30 IST" name="pom+testng" finished-at="2026-04-17T12:52:32 IST" duration-ms="62282">
      <class name="test.RegisterTest">
        <test-method is-config="true" signature="setup()[pri:0, instance:test.RegisterTest@5032714f]" started-at="2026-04-17T12:51:30 IST" name="setup" finished-at="2026-04-17T12:51:37 IST" duration-ms="7150" status="PASS">
          <reporter-output>
          </reporter-output>
        </test-method> <!-- setup -->
        <test-method is-config="true" signature="instantiatePages()[pri:0, instance:test.RegisterTest@5032714f]" started-at="2026-04-17T12:51:37 IST" name="instantiatePages" finished-at="2026-04-17T12:51:37 IST" duration-ms="11" status="PASS">
          <reporter-output>
          </reporter-output>
        </test-method> <!-- instantiatePages -->
        <test-method signature="test1()[pri:0, instance:test.RegisterTest@5032714f]" started-at="2026-04-17T12:51:37 IST" name="test1" finished-at="2026-04-17T12:51:41 IST" duration-ms="3438" status="PASS">
          <reporter-output>
          </reporter-output>
        </test-method> <!-- test1 -->
        <test-method is-config="true" signature="tearDown()[pri:0, instance:test.RegisterTest@5032714f]" started-at="2026-04-17T12:52:32 IST" name="tearDown" finished-at="2026-04-17T12:52:32 IST" duration-ms="0" status="PASS">
          <reporter-output>
          </reporter-output>
        </test-method> <!-- tearDown -->
      </class> <!-- test.RegisterTest -->
      <class name="test.ProductSearchTest">
        <test-method is-config="true" signature="setup()[pri:0, instance:test.ProductSearchTest@710c2b53]" started-at="2026-04-17T12:51:52 IST" name="setup" finished-at="2026-04-17T12:51:53 IST" duration-ms="501" status="PASS">
          <reporter-output>
          </reporter-output>
        </test-method> <!-- setup -->
        <test-method is-config="true" signature="instantiatePages()[pri:0, instance:test.ProductSearchTest@710c2b53]" started-at="2026-04-17T12:51:53 IST" name="instantiatePages" finished-at="2026-04-17T12:51:53 IST" duration-ms="1" status="PASS">
          <reporter-output>
          </reporter-output>
        </test-method> <!-- instantiatePages -->
        <test-method signature="searchProductTest()[pri:0, instance:test.ProductSearchTest@710c2b53]" started-at="2026-04-17T12:51:53 IST" name="searchProductTest" finished-at="2026-04-17T12:52:09 IST" duration-ms="16201" status="PASS">
          <reporter-output>
          </reporter-output>
        </test-method> <!-- searchProductTest -->
      </class> <!-- test.ProductSearchTest -->
      <class name="test.InvalidLogin">
        <test-method is-config="true" signature="setup()[pri:0, instance:test.InvalidLogin@6fa51cd4]" started-at="2026-04-17T12:51:41 IST" name="setup" finished-at="2026-04-17T12:51:41 IST" duration-ms="507" status="PASS">
          <reporter-output>
          </reporter-output>
        </test-method> <!-- setup -->
        <test-method is-config="true" signature="instantiatePages()[pri:0, instance:test.InvalidLogin@6fa51cd4]" started-at="2026-04-17T12:51:41 IST" name="instantiatePages" finished-at="2026-04-17T12:51:41 IST" duration-ms="2" status="PASS">
          <reporter-output>
          </reporter-output>
        </test-method> <!-- instantiatePages -->
        <test-method signature="testInvalidLogin(java.lang.String,java.lang.String,java.lang.String)[pri:0, instance:test.InvalidLogin@6fa51cd4]" started-at="2026-04-17T12:51:41 IST" name="testInvalidLogin" data-provider="invalidCredentials" finished-at="2026-04-17T12:51:43 IST" duration-ms="1462" status="PASS">
          <params>
            <param index="0">
              <value>
                <![CDATA[wronguser@example.com]]>
              </value>
            </param>
            <param index="1">
              <value>
                <![CDATA[wrongpassword]]>
              </value>
            </param>
            <param index="2">
              <value>
                <![CDATA[Login was unsuccessful]]>
              </value>
            </param>
          </params>
          <reporter-output>
          </reporter-output>
        </test-method> <!-- testInvalidLogin -->
        <test-method signature="testInvalidLogin(java.lang.String,java.lang.String,java.lang.String)[pri:0, instance:test.InvalidLogin@6fa51cd4]" started-at="2026-04-17T12:51:43 IST" name="testInvalidLogin" data-provider="invalidCredentials" finished-at="2026-04-17T12:51:44 IST" duration-ms="1478" status="PASS">
          <params>
            <param index="0">
              <value>
                <![CDATA[validuser@example.com]]>
              </value>
            </param>
            <param index="1">
              <value>
                <![CDATA[wrongpassword]]>
              </value>
            </param>
            <param index="2">
              <value>
                <![CDATA[Login was unsuccessful]]>
              </value>
            </param>
          </params>
          <reporter-output>
          </reporter-output>
        </test-method> <!-- testInvalidLogin -->
        <test-method is-config="true" signature="instantiatePages()[pri:0, instance:test.InvalidLogin@6fa51cd4]" started-at="2026-04-17T12:51:43 IST" name="instantiatePages" finished-at="2026-04-17T12:51:43 IST" duration-ms="0" status="PASS">
          <reporter-output>
          </reporter-output>
        </test-method> <!-- instantiatePages -->
        <test-method is-config="true" signature="instantiatePages()[pri:0, instance:test.InvalidLogin@6fa51cd4]" started-at="2026-04-17T12:51:44 IST" name="instantiatePages" finished-at="2026-04-17T12:51:44 IST" duration-ms="5" status="PASS">
          <reporter-output>
          </reporter-output>
        </test-method> <!-- instantiatePages -->
        <test-method signature="testInvalidLogin(java.lang.String,java.lang.String,java.lang.String)[pri:0, instance:test.InvalidLogin@6fa51cd4]" started-at="2026-04-17T12:51:44 IST" name="testInvalidLogin" data-provider="invalidCredentials" finished-at="2026-04-17T12:51:46 IST" duration-ms="1941" status="PASS">
          <params>
            <param index="0">
              <value>
                <![CDATA[wronguser@example.com]]>
              </value>
            </param>
            <param index="1">
              <value>
                <![CDATA[ValidPassword123]]>
              </value>
            </param>
            <param index="2">
              <value>
                <![CDATA[Login was unsuccessful]]>
              </value>
            </param>
          </params>
          <reporter-output>
          </reporter-output>
        </test-method> <!-- testInvalidLogin -->
        <test-method signature="testInvalidLogin(java.lang.String,java.lang.String,java.lang.String)[pri:0, instance:test.InvalidLogin@6fa51cd4]" started-at="2026-04-17T12:51:46 IST" name="testInvalidLogin" data-provider="invalidCredentials" finished-at="2026-04-17T12:51:47 IST" duration-ms="869" status="PASS">
          <params>
            <param index="0">
              <value>
                <![CDATA[]]>
              </value>
            </param>
            <param index="1">
              <value>
                <![CDATA[somepassword]]>
              </value>
            </param>
            <param index="2">
              <value>
                <![CDATA[Please enter your email]]>
              </value>
            </param>
          </params>
          <reporter-output>
          </reporter-output>
        </test-method> <!-- testInvalidLogin -->
        <test-method is-config="true" signature="instantiatePages()[pri:0, instance:test.InvalidLogin@6fa51cd4]" started-at="2026-04-17T12:51:46 IST" name="instantiatePages" finished-at="2026-04-17T12:51:46 IST" duration-ms="0" status="PASS">
          <reporter-output>
          </reporter-output>
        </test-method> <!-- instantiatePages -->
        <test-method signature="testInvalidLogin(java.lang.String,java.lang.String,java.lang.String)[pri:0, instance:test.InvalidLogin@6fa51cd4]" started-at="2026-04-17T12:51:47 IST" name="testInvalidLogin" data-provider="invalidCredentials" finished-at="2026-04-17T12:51:48 IST" duration-ms="1418" status="PASS">
          <params>
            <param index="0">
              <value>
                <![CDATA[user@example.com]]>
              </value>
            </param>
            <param index="1">
              <value>
                <![CDATA[]]>
              </value>
            </param>
            <param index="2">
              <value>
                <![CDATA[Login was unsuccessful]]>
              </value>
            </param>
          </params>
          <reporter-output>
          </reporter-output>
        </test-method> <!-- testInvalidLogin -->
        <test-method is-config="true" signature="instantiatePages()[pri:0, instance:test.InvalidLogin@6fa51cd4]" started-at="2026-04-17T12:51:47 IST" name="instantiatePages" finished-at="2026-04-17T12:51:47 IST" duration-ms="0" status="PASS">
          <reporter-output>
          </reporter-output>
        </test-method> <!-- instantiatePages -->
        <test-method is-config="true" signature="instantiatePages()[pri:0, instance:test.InvalidLogin@6fa51cd4]" started-at="2026-04-17T12:51:48 IST" name="instantiatePages" finished-at="2026-04-17T12:51:48 IST" duration-ms="0" status="PASS">
          <reporter-output>
          </reporter-output>
        </test-method> <!-- instantiatePages -->
        <test-method signature="testInvalidLogin(java.lang.String,java.lang.String,java.lang.String)[pri:0, instance:test.InvalidLogin@6fa51cd4]" started-at="2026-04-17T12:51:48 IST" name="testInvalidLogin" data-provider="invalidCredentials" finished-at="2026-04-17T12:51:49 IST" duration-ms="856" status="PASS">
          <params>
            <param index="0">
              <value>
                <![CDATA[]]>
              </value>
            </param>
            <param index="1">
              <value>
                <![CDATA[]]>
              </value>
            </param>
            <param index="2">
              <value>
                <![CDATA[Please enter your email]]>
              </value>
            </param>
          </params>
          <reporter-output>
          </reporter-output>
        </test-method> <!-- testInvalidLogin -->
      </class> <!-- test.InvalidLogin -->
      <class name="test.LoginTest">
        <test-method is-config="true" signature="setup()[pri:0, instance:test.LoginTest@2767e23c]" started-at="2026-04-17T12:51:49 IST" name="setup" finished-at="2026-04-17T12:51:50 IST" duration-ms="501" status="PASS">
          <reporter-output>
          </reporter-output>
        </test-method> <!-- setup -->
        <test-method is-config="true" signature="instantiatePages()[pri:0, instance:test.LoginTest@2767e23c]" started-at="2026-04-17T12:51:50 IST" name="instantiatePages" finished-at="2026-04-17T12:51:50 IST" duration-ms="1" status="PASS">
          <reporter-output>
          </reporter-output>
        </test-method> <!-- instantiatePages -->
        <test-method signature="validLoginTest()[pri:0, instance:test.LoginTest@2767e23c]" started-at="2026-04-17T12:51:50 IST" name="validLoginTest" finished-at="2026-04-17T12:51:52 IST" duration-ms="2564" status="PASS">
          <reporter-output>
          </reporter-output>
        </test-method> <!-- validLoginTest -->
      </class> <!-- test.LoginTest -->
      <class name="test.AddToCartTest">
        <test-method is-config="true" signature="setup()[pri:0, instance:test.AddToCartTest@5386659f]" started-at="2026-04-17T12:52:09 IST" name="setup" finished-at="2026-04-17T12:52:10 IST" duration-ms="693" status="PASS">
          <reporter-output>
          </reporter-output>
        </test-method> <!-- setup -->
        <test-method is-config="true" signature="instantiatePages()[pri:0, instance:test.AddToCartTest@5386659f]" started-at="2026-04-17T12:52:10 IST" name="instantiatePages" finished-at="2026-04-17T12:52:10 IST" duration-ms="1" status="PASS">
          <reporter-output>
          </reporter-output>
        </test-method> <!-- instantiatePages -->
        <test-method signature="addTest()[pri:0, instance:test.AddToCartTest@5386659f]" started-at="2026-04-17T12:52:10 IST" name="addTest" finished-at="2026-04-17T12:52:32 IST" duration-ms="22598" status="PASS">
          <reporter-output>
          </reporter-output>
        </test-method> <!-- addTest -->
      </class> <!-- test.AddToCartTest -->
    </test> <!-- pom+testng -->
  </suite> <!-- combined test -->
</testng-results>
