<?xml version="1.0" encoding="UTF-8"?>
<!-- Generated by org.testng.reporters.JUnitReportReporter -->
<testsuite hostname="LTPBAN292669801" failures="0" tests="6" name="test.InvalidLogin" time="14.380" errors="0" timestamp="2026-04-17T11:45:00 IST" skipped="0">
  <testcase classname="test.InvalidLogin" name="testInvalidLogin" time="1.669"/>
  <testcase classname="test.InvalidLogin" name="testInvalidLogin" time="2.766"/>
  <testcase classname="test.InvalidLogin" name="testInvalidLogin" time="2.995"/>
  <testcase classname="test.InvalidLogin" name="testInvalidLogin" time="2.714"/>
  <testcase classname="test.InvalidLogin" name="testInvalidLogin" time="1.525"/>
  <testcase classname="test.InvalidLogin" name="testInvalidLogin" time="2.711"/>
</testsuite> <!-- test.InvalidLogin -->
