<?xml version="1.0" encoding="UTF-8"?>
<!-- Generated by org.testng.reporters.JUnitReportReporter -->
<testsuite hostname="LTPBAN292670522" failures="0" tests="6" name="test.InvalidLogin" time="6.987" errors="0" timestamp="2026-04-20T12:56:37 IST" skipped="0">
  <testcase classname="test.InvalidLogin" name="testInvalidLogin" time="1.226"/>
  <testcase classname="test.InvalidLogin" name="testInvalidLogin" time="0.789"/>
  <testcase classname="test.InvalidLogin" name="testInvalidLogin" time="1.766"/>
  <testcase classname="test.InvalidLogin" name="testInvalidLogin" time="1.259"/>
  <testcase classname="test.InvalidLogin" name="testInvalidLogin" time="1.173"/>
  <testcase classname="test.InvalidLogin" name="testInvalidLogin" time="0.774"/>
</testsuite> <!-- test.InvalidLogin -->
