<?xml version="1.0" encoding="UTF-8"?>
<testng-results ignored="0" total="1" passed="1" failed="0" skipped="0">
  <reporter-output>
  </reporter-output>
  <suite started-at="2026-04-07T11:54:21 IST" name="Surefire suite" finished-at="2026-04-07T11:54:32 IST" duration-ms="11520">
    <groups>
    </groups>
    <test started-at="2026-04-07T11:54:21 IST" name="Surefire test" finished-at="2026-04-07T11:54:32 IST" duration-ms="11520">
      <class name="demo.demo.TestGoogle">
        <test-method signature="openGoogle()[pri:0, instance:demo.demo.TestGoogle@57af006c]" started-at="2026-04-07T11:54:21 IST" name="openGoogle" finished-at="2026-04-07T11:54:32 IST" duration-ms="11441" status="PASS">
          <reporter-output>
          </reporter-output>
        </test-method> <!-- openGoogle -->
      </class> <!-- demo.demo.TestGoogle -->
    </test> <!-- Surefire test -->
  </suite> <!-- Surefire suite -->
</testng-results>
